Cannot read userscripts: Error reading file '/home/josh/.config/dwb/userscripts': Is a directory
Cannot read default: Error reading file '/home/josh/.config/dwb/default': Is a directory
Adblock warning: Adblock option 'xmlhttprequest' isn't supported
Adblock warning: Rule /rg-erdr.php$xmlhttprequest will be ignored
Adblock warning: Adblock option 'xmlhttprequest' isn't supported
Adblock warning: Rule /rg-rlog.php$xmlhttprequest will be ignored
Adblock warning: Adblock option 'xmlhttprequest' isn't supported
Adblock warning: Rule /track.php?click=*&domain=*&uid=$xmlhttprequest will be ignored
Adblock warning: Adblock option 'object-subrequest' isn't supported
Adblock warning: Rule ;cue=pre;$object-subrequest will be ignored
Adblock warning: Adblock option 'popup' isn't supported
Adblock warning: Rule &program=revshare&$image,~image,popup will be ignored
Adblock warning: Adblock option 'popup' isn't supported
Adblock warning: Rule /ad_pop.php?$image,~image,popup will be ignored
Adblock warning: Adblock option 'popup' isn't supported
Adblock warning: Rule /adserver.$popup will be ignored
Adblock warning: Adblock option 'popup' isn't supported
Adblock warning: Rule /bani/index.php?id=$image,~image,popup will be ignored
Adblock warning: Adblock option 'popup' isn't supported
Adblock warning: Rule /popunder_$image,~image,popup will be ignored
Adblock warning: Adblock option 'popup' isn't supported
Adblock warning: Rule /promoredirect?*&campaign=*&zone=$image,~image,popup will be ignored
Adblock warning: Adblock option 'popup' isn't supported
Adblock warning: Rule /punder.php$image,~image,popup will be ignored
Adblock warning: Adblock option 'popup' isn't supported
Adblock warning: Rule /spopunder^$image,~image,popup will be ignored
Adblock warning: Adblock option 'popup' isn't supported
Adblock warning: Rule =popunder&$image,~image,popup will be ignored
Adblock warning: Adblock option 'popup' isn't supported
Adblock warning: Rule _popunder+$image,~image,popup will be ignored
Adblock warning: Adblock option 'object-subrequest' isn't supported
Adblock warning: Rule ||2mdn.net/dot.gif$object-subrequest,third-party will be ignored
Adblock warning: Adblock option 'object-subrequest' isn't supported
Adblock warning: Rule ||2mdn.net^$object-subrequest,third-party,domain=101cargames.com|3news.co.nz|49ers.com|atlantafalcons.com|azcardinals.com|baltimoreravens.com|bbc.co.uk|bbc.com|bengals.com|bet.com|bloomberg.com|box10.com|brisbanetimes.com.au|buccaneers.com|buffalobills.com|bullz-eye.com|businessweek.com|calgaryherald.com|canada.com|cbs.com|chargers.com|chicagobears.com|clevelandbrowns.com|cnettv.cnet.com|colts.com|cp24.com|ctvnews.ca|dallascowboys.com|denverbroncos.com|detroitlions.com|drive.com.au|earthcam.com|edmontonjournal.com|egirlgames.net|enjoydressup.com|entrepreneur.com|eonline.com|escapegames.com|euronews.com|foodnetwork.ca|four.co.nz|gamingbolt.com|ghananation.com|giantbomb.com|giants.com|globalnews.ca|globaltoronto.com|globaltv.com|globaltvbc.com|globaltvcalgary.com|go.com|gorillanation.com|heraldsun.com.au|hgtv.ca|houstontexans.com|iheart.com|independent.ie|jaguars.com|kcchiefs.com|kdvr.com|kfiam640.com|komonews.com|kwgn.com|leaderpost.com|livestream.com|metacafe.com|miamidolphins.com|mojointhemorning.com|montrealgazette.com|motorcyclistonline.com|my9tv.com|nationalpost.com|nba.com|nba.tv|ndtv.com|neworleanssaints.com|newsmax.com|newsmaxhealth.com|newstalk1010.com|newyorkjets.com|nfl.com|ottawacitizen.com|packers.com|panthers.com|patriots.com|pcworld.com|philadelphiaeagles.com|prowrestling.com|radio.com|raiders.com|rapbasement.com|redskins.com|reuters.com|rollingstone.com|rottentomatoes.com|seahawks.com|sf49ers.com|sherdog.com|skynews.com.au|slice.ca|smh.com.au|steelers.com|stlouisrams.com|streetfire.net|stuff.co.nz|telegraph.co.uk|theage.com.au|theaustralian.com.au|thecomedynetwork.ca|theprovince.com|thestarphoenix.com|tide.com|timescolonist.com|timeslive.co.za|titansonline.com|tsn.ca|usmagazine.com|vancouversun.com|vice.com|videojug.com|vikings.com|weather.com|wikihow.com|windsorstar.com|youtube.com will be ignored
Adblock warning: Adblock option 'object-subrequest' isn't supported
Adblock warning: Rule ||adm.fwmrm.net/p/fox_live/$object-subrequest,third-party will be ignored
Adblock warning: Adblock option 'object-subrequest' isn't supported
Adblock warning: Rule ||adm.fwmrm.net/p/msnbc_live/$object-subrequest,third-party,domain=~msnbc.msn.com,~www.nbcnews.com will be ignored
Adblock warning: Adblock option 'object-subrequest' isn't supported
Adblock warning: Rule ||adm.fwmrm.net/p/mtvn_live/$object-subrequest,third-party will be ignored
Adblock warning: Adblock option 'object-subrequest' isn't supported
Adblock warning: Rule ||m1.fwmrm.net^$object-subrequest,third-party will be ignored
Adblock warning: Adblock option 'object-subrequest' isn't supported
Adblock warning: Rule ||v.fwmrm.net^$object-subrequest,third-party will be ignored
Adblock warning: Adblock option 'object-subrequest' isn't supported
Adblock warning: Rule ||videoplaza.com^$object-subrequest,third-party,domain=autoexpress.co.uk|evo.co.uk|givemefootball.com|mensfitness.co.uk|mpora.com|tribalfootball.com will be ignored
Adblock warning: Adblock option 'object-subrequest' isn't supported
Adblock warning: Rule ||videoplaza.tv/proxy/distributor^$object-subrequest,third-party will be ignored
Adblock warning: Adblock option 'object-subrequest' isn't supported
Adblock warning: Rule ||videoplaza.tv^$object-subrequest,third-party,domain=tv4play.se will be ignored
Adblock warning: Adblock option 'object-subrequest' isn't supported
Adblock warning: Rule ||videostrip.com^*/admatcherclient.$object-subrequest,third-party will be ignored
Adblock warning: Adblock option 'popup' isn't supported
Adblock warning: Rule ||1phads.com^$image,~image,popup,third-party will be ignored
Adblock warning: Adblock option 'popup' isn't supported
Adblock warning: Rule ||3file.info^$image,~image,popup,third-party will be ignored
Adblock warning: Adblock option 'popup' isn't supported
Adblock warning: Rule ||888.com^$image,~image,popup,third-party will be ignored
Adblock warning: Adblock option 'popup' isn't supported
Adblock warning: Rule ||888casino.com^$image,~image,popup,third-party will be ignored
Adblock warning: Adblock option 'popup' isn't supported
Adblock warning: Rule ||888games.com^$image,~image,popup,third-party will be ignored
Adblock warning: Adblock option 'popup' isn't supported
Adblock warning: Rule ||888media.net^$image,~image,popup,third-party will be ignored
Adblock warning: Adblock option 'popup' isn't supported
Adblock warning: Rule ||888poker.com^$image,~image,popup,third-party will be ignored
Adblock warning: Adblock option 'popup' isn't supported
Adblock warning: Rule ||888promos.com^$image,~image,popup,third-party will be ignored
Adblock warning: Adblock option 'popup' isn't supported
Adblock warning: Rule ||ad-apac.doubleclick.net^$image,~image,popup,third-party will be ignored
Adblock warning: Adblock option 'popup' isn't supported
Adblock warning: Rule ||ad-emea.doubleclick.net^$image,~image,popup,third-party will be ignored
Adblock warning: Adblock option 'popup' isn't supported
Adblock warning: Rule ||ad.doubleclick.net^$image,~image,popup,third-party will be ignored
Adblock warning: Adblock option 'popup' isn't supported
Adblock warning: Rule ||ad2games.com^$image,~image,popup,third-party will be ignored
Adblock warning: Adblock option 'popup' isn't supported
Adblock warning: Rule ||ad4game.com^$image,~image,popup,third-party will be ignored
Adblock warning: Adblock option 'popup' isn't supported
Adblock warning: Rule ||adcash.com^$image,~image,popup,third-party will be ignored
Adblock warning: Adblock option 'popup' isn't supported
Adblock warning: Rule ||adjuggler.net^$image,~image,popup,third-party will be ignored
Adblock warning: Adblock option 'popup' isn't supported
Adblock warning: Rule ||adlure.net^$image,~image,popup,third-party will be ignored
Adblock warning: Adblock option 'popup' isn't supported
Adblock warning: Rule ||adnxs.com^$image,~image,popup,third-party will be ignored
Adblock warning: Adblock option 'popup' isn't supported
Adblock warning: Rule ||adonweb.ru^$image,~image,popup,third-party will be ignored
Adblock warning: Adblock option 'popup' isn't supported
Adblock warning: Rule ||adserverplus.com^$image,~image,popup,third-party will be ignored
Adblock warning: Adblock option 'popup' isn't supported
Adblock warning: Rule ||adsmarket.com^$image,~image,popup,third-party will be ignored
Adblock warning: Adblock option 'popup' isn't supported
Adblock warning: Rule ||adsurve.com^$image,~image,popup,third-party will be ignored
Adblock warning: Adblock option 'popup' isn't supported
Adblock warning: Rule ||adtraffic.org^$image,~image,popup,third-party will be ignored
Adblock warning: Adblock option 'popup' isn't supported
Adblock warning: Rule ||adultadworld.com^$image,~image,popup,third-party will be ignored
Adblock warning: Adblock option 'popup' isn't supported
Adblock warning: Rule ||advertserve.com^$image,~image,popup,third-party will be ignored
Adblock warning: Adblock option 'popup' isn't supported
Adblock warning: Rule ||alternads.info^$image,~image,popup,third-party will be ignored
Adblock warning: Adblock option 'popup' isn't supported
Adblock warning: Rule ||am10.ru^$image,~image,popup,third-party will be ignored
Adblock warning: Adblock option 'popup' isn't supported
Adblock warning: Rule ||baypops.com^$image,~image,popup,third-party will be ignored
Adblock warning: Adblock option 'popup' isn't supported
Adblock warning: Rule ||brandreachsys.com^$image,~image,popup,third-party will be ignored
Adblock warning: Adblock option 'popup' isn't supported
Adblock warning: Rule ||clickbank.net^$image,~image,popup,third-party will be ignored
Adblock warning: Adblock option 'popup' isn't supported
Adblock warning: Rule ||clkads.com^$image,~image,popup,third-party will be ignored
Adblock warning: Adblock option 'popup' isn't supported
Adblock warning: Rule ||contentabc.com^$image,~image,popup,third-party will be ignored
Adblock warning: Adblock option 'popup' isn't supported
Adblock warning: Rule ||cpmstar.com^$image,~image,popup,third-party will be ignored
Adblock warning: Adblock option 'popup' isn't supported
Adblock warning: Rule ||ekod.info^$image,~image,popup,third-party will be ignored
Adblock warning: Adblock option 'popup' isn't supported
Adblock warning: Rule ||exoclick.com^$image,~image,popup,third-party will be ignored
Adblock warning: Adblock option 'popup' isn't supported
Adblock warning: Rule ||fhserve.com^$image,~image,popup,third-party will be ignored
Adblock warning: Adblock option 'popup' isn't supported
Adblock warning: Rule ||fidel.to^$image,~image,popup,third-party will be ignored
Adblock warning: Adblock option 'popup' isn't supported
Adblock warning: Rule ||friendlyduck.com^$image,~image,popup,third-party will be ignored
Adblock warning: Adblock option 'popup' isn't supported
Adblock warning: Rule ||gotoplaymillion.com^$image,~image,popup,third-party will be ignored
Adblock warning: Adblock option 'popup' isn't supported
Adblock warning: Rule ||hapend.biz^$image,~image,popup,third-party will be ignored
Adblock warning: Adblock option 'popup' isn't supported
Adblock warning: Rule ||hstpnetwork.com^$popup,third-party will be ignored
Adblock warning: Adblock option 'popup' isn't supported
Adblock warning: Rule ||jdtracker.com^$image,~image,popup,third-party will be ignored
Adblock warning: Adblock option 'popup' isn't supported
Adblock warning: Rule ||kanoodle.com^$image,~image,popup,third-party will be ignored
Adblock warning: Adblock option 'popup' isn't supported
Adblock warning: Rule ||livepromotools.com^$image,~image,popup,third-party will be ignored
Adblock warning: Adblock option 'popup' isn't supported
Adblock warning: Rule ||media-servers.net^$image,~image,popup,third-party will be ignored
Adblock warning: Adblock option 'popup' isn't supported
Adblock warning: Rule ||my-layer.net^$image,~image,popup,third-party will be ignored
Adblock warning: Adblock option 'popup' isn't supported
Adblock warning: Rule ||netliker.com^$image,~image,popup,third-party will be ignored
Adblock warning: Adblock option 'popup' isn't supported
Adblock warning: Rule ||openadserving.com^$image,~image,popup,third-party will be ignored
Adblock warning: Adblock option 'popup' isn't supported
Adblock warning: Rule ||pgmediaserve.com^$image,~image,popup,third-party will be ignored
Adblock warning: Adblock option 'popup' isn't supported
Adblock warning: Rule ||propellerads.com^$image,~image,popup,third-party will be ignored
Adblock warning: Adblock option 'popup' isn't supported
Adblock warning: Rule ||propellerpops.com^$image,~image,popup,third-party will be ignored
Adblock warning: Adblock option 'popup' isn't supported
Adblock warning: Rule ||pubdirecte.com^$image,~image,popup,third-party will be ignored
Adblock warning: Adblock option 'popup' isn't supported
Adblock warning: Rule ||pulse360.com^$image,~image,popup,third-party will be ignored
Adblock warning: Adblock option 'popup' isn't supported
Adblock warning: Rule ||rgadvert.com^$image,~image,popup,third-party will be ignored
Adblock warning: Adblock option 'popup' isn't supported
Adblock warning: Rule ||ringtonepartner.com^$image,~image,popup,third-party will be ignored
Adblock warning: Adblock option 'popup' isn't supported
Adblock warning: Rule ||secureintl.com^$image,~image,popup,third-party will be ignored
Adblock warning: Adblock option 'popup' isn't supported
Adblock warning: Rule ||sparkstudios.com^$image,~image,popup,third-party will be ignored
Adblock warning: Adblock option 'popup' isn't supported
Adblock warning: Rule ||sponsorselect.com^$image,~image,popup will be ignored
Adblock warning: Adblock option 'popup' isn't supported
Adblock warning: Rule ||swadvertising.org^$image,~image,popup,third-party will be ignored
Adblock warning: Adblock option 'popup' isn't supported
Adblock warning: Rule ||traffichaus.com^$image,~image,popup,third-party will be ignored
Adblock warning: Adblock option 'popup' isn't supported
Adblock warning: Rule ||tutvp.com^$image,~image,popup,third-party will be ignored
Adblock warning: Adblock option 'popup' isn't supported
Adblock warning: Rule ||webtrackerplus.com^$image,~image,popup,third-party will be ignored
Adblock warning: Adblock option 'popup' isn't supported
Adblock warning: Rule ||wigetmedia.com^$image,~image,popup,third-party will be ignored
Adblock warning: Adblock option 'popup' isn't supported
Adblock warning: Rule ||xclicks.net^$image,~image,popup,third-party will be ignored
Adblock warning: Adblock option 'popup' isn't supported
Adblock warning: Rule ||xtendmedia.com^$image,~image,popup,third-party will be ignored
Adblock warning: Adblock option 'popup' isn't supported
Adblock warning: Rule ||yieldmanager.com^$image,~image,popup,third-party will be ignored
Adblock warning: Adblock option 'popup' isn't supported
Adblock warning: Rule ||zedo.com^$image,~image,popup,third-party will be ignored
Adblock warning: Adblock option 'popup' isn't supported
Adblock warning: Rule ||adultadmedia.com^$image,~image,popup,third-party will be ignored
Adblock warning: Adblock option 'popup' isn't supported
Adblock warning: Rule ||adultmoda.com^$image,~image,popup,third-party will be ignored
Adblock warning: Adblock option 'popup' isn't supported
Adblock warning: Rule ||adxite.com^$popup,third-party will be ignored
Adblock warning: Adblock option 'popup' isn't supported
Adblock warning: Rule ||adxpansion.com^$image,~image,popup,third-party will be ignored
Adblock warning: Adblock option 'popup' isn't supported
Adblock warning: Rule ||chokertraffic.com^$image,~image,popup,third-party will be ignored
Adblock warning: Adblock option 'popup' isn't supported
Adblock warning: Rule ||ero-advertising.com^$image,~image,popup,third-party will be ignored
Adblock warning: Adblock option 'popup' isn't supported
Adblock warning: Rule ||filthads.com^$image,~image,popup,third-party will be ignored
Adblock warning: Adblock option 'popup' isn't supported
Adblock warning: Rule ||fpctraffic2.com^$image,~image,popup,third-party will be ignored
Adblock warning: Adblock option 'popup' isn't supported
Adblock warning: Rule ||gothot.org^$image,~image,popup,third-party will be ignored
Adblock warning: Adblock option 'popup' isn't supported
Adblock warning: Rule ||hizlireklam.com^$image,~image,popup,third-party will be ignored
Adblock warning: Adblock option 'popup' isn't supported
Adblock warning: Rule ||juicyads.com^$image,~image,popup,third-party will be ignored
Adblock warning: Adblock option 'popup' isn't supported
Adblock warning: Rule ||naughtyplayful.com^$image,~image,popup,third-party will be ignored
Adblock warning: Adblock option 'popup' isn't supported
Adblock warning: Rule ||plugrush.com^$image,~image,popup,third-party will be ignored
Adblock warning: Adblock option 'popup' isn't supported
Adblock warning: Rule ||reviewdollars.com^$image,~image,popup,third-party will be ignored
Adblock warning: Adblock option 'popup' isn't supported
Adblock warning: Rule ||sascentral.com^$image,~image,popup,third-party will be ignored
Adblock warning: Adblock option 'popup' isn't supported
Adblock warning: Rule ||sexad.net^$image,~image,popup,third-party will be ignored
Adblock warning: Adblock option 'popup' isn't supported
Adblock warning: Rule ||socialsex.com^$image,~image,popup,third-party will be ignored
Adblock warning: Adblock option 'popup' isn't supported
Adblock warning: Rule ||targetingnow.com^$image,~image,popup,third-party will be ignored
Adblock warning: Adblock option 'popup' isn't supported
Adblock warning: Rule ||trafficholder.com^$image,~image,popup,third-party will be ignored
Adblock warning: Adblock option 'object-subrequest' isn't supported
Adblock warning: Rule ||24.com//flashplayer/ova-jw.swf$object-subrequest will be ignored
Adblock warning: Adblock option 'object-subrequest' isn't supported
Adblock warning: Rule ||ad.adriver.ru^$object-subrequest,domain=themoscownews.com will be ignored
Adblock warning: Adblock option 'object-subrequest' isn't supported
Adblock warning: Rule ||adap.tv/redir/plugins/$object-subrequest will be ignored
Adblock warning: Adblock option 'object-subrequest' isn't supported
Adblock warning: Rule ||adap.tv/redir/plugins3/$object-subrequest will be ignored
Adblock warning: Adblock option 'object-subrequest' isn't supported
Adblock warning: Rule ||afcdn.com^*/ova-jw.swf$object-subrequest will be ignored
Adblock warning: Adblock option 'object-subrequest' isn't supported
Adblock warning: Rule ||akamai.net^*/espnpreroll/$object-subrequest will be ignored
Adblock warning: Adblock option 'object-subrequest' isn't supported
Adblock warning: Rule ||as.jivox.com/jivox/serverapis/getcampaignbysite.php?$object-subrequest will be ignored
Adblock warning: Adblock option 'object-subrequest' isn't supported
Adblock warning: Rule ||googlesyndication.com^*/click_to_buy/$object-subrequest,third-party will be ignored
Adblock warning: Adblock option 'object-subrequest' isn't supported
Adblock warning: Rule ||googlesyndication.com^*/googlevideoadslibraryas3.swf$object-subrequest,third-party will be ignored
Adblock warning: Adblock option 'object-subrequest' isn't supported
Adblock warning: Rule ||hiroservers.appspot.com/GenerateVastServlet/$object-subrequest will be ignored
Adblock warning: Adblock option 'object-subrequest' isn't supported
Adblock warning: Rule ||jivox.com/jivox/serverapis/getcampaignbyid.php?$object-subrequest will be ignored
Adblock warning: Adblock option 'object-subrequest' isn't supported
Adblock warning: Rule ||longtailvideo.com^*/adaptvjw5-$object-subrequest will be ignored
Adblock warning: Adblock option 'object-subrequest' isn't supported
Adblock warning: Rule ||longtailvideo.com^*/adaptvjw5.swf$object-subrequest will be ignored
Adblock warning: Adblock option 'object-subrequest' isn't supported
Adblock warning: Rule ||longtailvideo.com^*/adawe-$object-subrequest,third-party will be ignored
Adblock warning: Adblock option 'object-subrequest' isn't supported
Adblock warning: Rule ||longtailvideo.com^*/googima-$object-subrequest will be ignored
Adblock warning: Adblock option 'object-subrequest' isn't supported
Adblock warning: Rule ||longtailvideo.com^*/googima.swf$object-subrequest,third-party will be ignored
Adblock warning: Adblock option 'object-subrequest' isn't supported
Adblock warning: Rule ||longtailvideo.com^*/ltas-$object-subrequest,third-party will be ignored
Adblock warning: Adblock option 'object-subrequest' isn't supported
Adblock warning: Rule ||longtailvideo.com^*/ova-$object-subrequest will be ignored
Adblock warning: Adblock option 'object-subrequest' isn't supported
Adblock warning: Rule ||myvi.ru/feed/$object-subrequest will be ignored
Adblock warning: Adblock option 'object-subrequest' isn't supported
Adblock warning: Rule ||mzstatic.com^$image,object-subrequest,domain=dailymotion.com will be ignored
Adblock warning: Adblock option 'object-subrequest' isn't supported
Adblock warning: Rule ||tag.matomy.hiro.tv/VpaidPlayer/VpaidPlayer.swf?$object-subrequest will be ignored
Adblock warning: Adblock option 'popup' isn't supported
Adblock warning: Rule ||4utro.ru^$image,~image,popup will be ignored
Adblock warning: Adblock option 'popup' isn't supported
Adblock warning: Rule ||affportal-lb.bevomedia.com^$image,~image,popup,third-party will be ignored
Adblock warning: Adblock option 'popup' isn't supported
Adblock warning: Rule ||bet365.com/home/?affiliate=$image,~image,popup will be ignored
Adblock warning: Adblock option 'popup' isn't supported
Adblock warning: Rule ||binaryoptions24h.com^$image,~image,popup,third-party will be ignored
Adblock warning: Adblock option 'popup' isn't supported
Adblock warning: Rule ||casino.com^$image,~image,popup,third-party will be ignored
Adblock warning: Adblock option 'popup' isn't supported
Adblock warning: Rule ||chatulfetelor.net/$image,~image,popup will be ignored
Adblock warning: Adblock option 'popup' isn't supported
Adblock warning: Rule ||dateoffer.net/?s=*&subid=$image,~image,popup,third-party will be ignored
Adblock warning: Adblock option 'popup' isn't supported
Adblock warning: Rule ||eurogrand.com^$image,~image,popup will be ignored
Adblock warning: Adblock option 'popup' isn't supported
Adblock warning: Rule ||evanetwork.com^$image,~image,popup will be ignored
Adblock warning: Adblock option 'popup' isn't supported
Adblock warning: Rule ||facebookcoverx.com^$image,~image,popup,third-party will be ignored
Adblock warning: Adblock option 'popup' isn't supported
Adblock warning: Rule ||firstload.com^$image,~image,popup will be ignored
Adblock warning: Adblock option 'popup' isn't supported
Adblock warning: Rule ||firstload.de^$image,~image,popup will be ignored
Adblock warning: Adblock option 'popup' isn't supported
Adblock warning: Rule ||free-rewards.com-s.tv^$image,~image,popup will be ignored
Adblock warning: Adblock option 'popup' isn't supported
Adblock warning: Rule ||fulltiltpoker.com/?key=$image,~image,popup,third-party will be ignored
Adblock warning: Adblock option 'popup' isn't supported
Adblock warning: Rule ||generic4all.com^*.dhtml?refid=$image,~image,popup,third-party will be ignored
Adblock warning: Adblock option 'popup' isn't supported
Adblock warning: Rule ||hetu.in^$image,~image,popup,third-party will be ignored
Adblock warning: Adblock option 'popup' isn't supported
Adblock warning: Rule ||i2casting.com^$image,~image,popup,third-party will be ignored
Adblock warning: Adblock option 'popup' isn't supported
Adblock warning: Rule ||liutilities.com^*/affiliate/$image,~image,popup will be ignored
Adblock warning: Adblock option 'popup' isn't supported
Adblock warning: Rule ||lp.titanpoker.com^$image,~image,popup,third-party will be ignored
Adblock warning: Adblock option 'popup' isn't supported
Adblock warning: Rule ||maxedtube.com/video_play?*&utm_campaign=$image,~image,popup,third-party will be ignored
Adblock warning: Adblock option 'popup' isn't supported
Adblock warning: Rule ||mcars.org/landing/$image,~image,popup,third-party will be ignored
Adblock warning: Adblock option 'popup' isn't supported
Adblock warning: Rule ||media.mybet.com/redirect.aspx?pid=*&bid=$image,~image,popup,third-party will be ignored
Adblock warning: Adblock option 'popup' isn't supported
Adblock warning: Rule ||mypromocenter.com^$image,~image,popup will be ignored
Adblock warning: Adblock option 'popup' isn't supported
Adblock warning: Rule ||noowmedia.com^$image,~image,popup will be ignored
Adblock warning: Adblock option 'popup' isn't supported
Adblock warning: Rule ||otvetus.com^$image,~image,popup,third-party will be ignored
Adblock warning: Adblock option 'popup' isn't supported
Adblock warning: Rule ||partycasino.com^$image,~image,popup,third-party will be ignored
Adblock warning: Adblock option 'popup' isn't supported
Adblock warning: Rule ||planet49.com/cgi-bin/wingame.pl?$image,~image,popup will be ignored
Adblock warning: Adblock option 'popup' isn't supported
Adblock warning: Rule ||pokerstars.eu^*/?source=$popup,third-party will be ignored
Adblock warning: Adblock option 'popup' isn't supported
Adblock warning: Rule ||priceinfo.comuv.com^$image,~image,popup will be ignored
Adblock warning: Adblock option 'popup' isn't supported
Adblock warning: Rule ||pub.ezanga.com/rv2.php?$image,~image,popup will be ignored
Adblock warning: Adblock option 'popup' isn't supported
Adblock warning: Rule ||rackcorp.com^$image,~image,popup will be ignored
Adblock warning: Adblock option 'popup' isn't supported
Adblock warning: Rule ||red-tube.com/popunder/$image,~image,popup will be ignored
Adblock warning: Adblock option 'popup' isn't supported
Adblock warning: Rule ||rocketgames.com^$image,~image,popup,third-party will be ignored
Adblock warning: Adblock option 'popup' isn't supported
Adblock warning: Rule ||roomkey.com/referrals?$image,~image,popup,third-party will be ignored
Adblock warning: Adblock option 'popup' isn't supported
Adblock warning: Rule ||roulettebotplus.com^*.lp/sub=$popup,third-party will be ignored
Adblock warning: Adblock option 'popup' isn't supported
Adblock warning: Rule ||serve.prestigecasino.com^$image,~image,popup,third-party will be ignored
Adblock warning: Adblock option 'popup' isn't supported
Adblock warning: Rule ||serve.williamhillcasino.com^$image,~image,popup,third-party will be ignored
Adblock warning: Adblock option 'popup' isn't supported
Adblock warning: Rule ||stargames.com/bridge.asp?idr=$image,~image,popup will be ignored
Adblock warning: Adblock option 'popup' isn't supported
Adblock warning: Rule ||stargames.com/web/*&cid=*&pid=$image,~image,popup,third-party will be ignored
Adblock warning: Adblock option 'popup' isn't supported
Adblock warning: Rule ||tipico.com^*?affiliateid=$image,~image,popup,third-party will be ignored
Adblock warning: Adblock option 'popup' isn't supported
Adblock warning: Rule ||truckingunlimited.com^$image,~image,popup,domain=sharpfile.com will be ignored
Adblock warning: Adblock option 'popup' isn't supported
Adblock warning: Rule ||ul.to/ref/$image,~image,popup will be ignored
Adblock warning: Adblock option 'popup' isn't supported
Adblock warning: Rule ||uploaded.net/ref/$image,~image,popup will be ignored
Adblock warning: Adblock option 'popup' isn't supported
Adblock warning: Rule ||urlcash.net/random*.php$image,~image,popup will be ignored
Adblock warning: Adblock option 'popup' isn't supported
Adblock warning: Rule ||usenet.nl^$image,~image,popup will be ignored
Adblock warning: Adblock option 'popup' isn't supported
Adblock warning: Rule ||wealth-at-home-millions.com^$image,~image,popup,third-party will be ignored
Adblock warning: Adblock option 'popup' isn't supported
Adblock warning: Rule ||weeklyprizewinner.com-net.info^$image,~image,popup will be ignored
Adblock warning: Adblock option 'popup' isn't supported
Adblock warning: Rule ||with-binaryoption.com^$image,~image,popup,third-party will be ignored
Adblock warning: Adblock option 'popup' isn't supported
Adblock warning: Rule ||withbinaryoptions.com^$image,~image,popup,third-party will be ignored
Adblock warning: Adblock option 'popup' isn't supported
Adblock warning: Rule ||wptpoker.com^$image,~image,popup will be ignored
Adblock warning: Adblock option 'object-subrequest' isn't supported
Adblock warning: Rule ||cokstrip.co.cc^$object-subrequest,third-party will be ignored
Adblock warning: Adblock option 'popup' isn't supported
Adblock warning: Rule ||1800freecams.com^$image,~image,popup,third-party will be ignored
Adblock warning: Adblock option 'popup' isn't supported
Adblock warning: Rule ||21sextury.com^$image,~image,popup will be ignored
Adblock warning: Adblock option 'popup' isn't supported
Adblock warning: Rule ||adultfriendfinder.com/banners/$image,~image,popup,third-party will be ignored
Adblock warning: Adblock option 'popup' isn't supported
Adblock warning: Rule ||adultfriendfinder.com/go/$image,~image,popup will be ignored
Adblock warning: Adblock option 'popup' isn't supported
Adblock warning: Rule ||amarotic.com^*?wmid=$image,~image,popup,third-party will be ignored
Adblock warning: Adblock option 'popup' isn't supported
Adblock warning: Rule ||benaughty.com/aff.php?$image,~image,popup,third-party will be ignored
Adblock warning: Adblock option 'popup' isn't supported
Adblock warning: Rule ||camcity.com/rtr.php?aid=$image,~image,popup will be ignored
Adblock warning: Adblock option 'popup' isn't supported
Adblock warning: Rule ||candidvoyeurism.com/ads/$image,~image,popup will be ignored
Adblock warning: Adblock option 'popup' isn't supported
Adblock warning: Rule ||chaturbate.com/*/?join_overlay=$image,~image,popup will be ignored
Adblock warning: Adblock option 'popup' isn't supported
Adblock warning: Rule ||ext.affaire.com^$image,~image,popup will be ignored
Adblock warning: Adblock option 'popup' isn't supported
Adblock warning: Rule ||fleshlight-international.eu^*?link=$image,~image,popup,third-party will be ignored
Adblock warning: Adblock option 'popup' isn't supported
Adblock warning: Rule ||fleshlight.com/?link=$image,~image,popup,third-party will be ignored
Adblock warning: Adblock option 'popup' isn't supported
Adblock warning: Rule ||fling.com/enter.php?$image,~image,popup will be ignored
Adblock warning: Adblock option 'popup' isn't supported
Adblock warning: Rule ||flirt4free.com/_special/pops/$image,~image,popup,third-party will be ignored
Adblock warning: Adblock option 'popup' isn't supported
Adblock warning: Rule ||fuckbookhookups.com/go/$image,~image,popup will be ignored
Adblock warning: Adblock option 'popup' isn't supported
Adblock warning: Rule ||fuckshow.org^*&adr=$image,~image,popup will be ignored
Adblock warning: Adblock option 'popup' isn't supported
Adblock warning: Rule ||icgirls.com^$image,~image,popup will be ignored
Adblock warning: Adblock option 'popup' isn't supported
Adblock warning: Rule ||imlive.com/wmaster.ashx?$image,~image,popup,third-party will be ignored
Adblock warning: Adblock option 'popup' isn't supported
Adblock warning: Rule ||join.whitegfs.com^$image,~image,popup will be ignored
Adblock warning: Adblock option '$image' isn't supported
Adblock warning: Rule ||judgeporn.com/video_pop.php?$$image,~image,popup will be ignored
Adblock warning: Adblock option 'popup' isn't supported
Adblock warning: Rule ||livecams.com^$image,~image,popup will be ignored
Adblock warning: Adblock option 'popup' isn't supported
Adblock warning: Rule ||livejasmin.com^$image,~image,popup will be ignored
Adblock warning: Adblock option 'popup' isn't supported
Adblock warning: Rule ||media.campartner.com/index.php?cpID=*&cpMID=$image,~image,popup,third-party will be ignored
Adblock warning: Adblock option 'popup' isn't supported
Adblock warning: Rule ||media.campartner.com^*?cp=$image,~image,popup,third-party will be ignored
Adblock warning: Adblock option 'popup' isn't supported
Adblock warning: Rule ||mjtlive.com/exports/golive/?lp=*&afno=$image,~image,popup,third-party will be ignored
Adblock warning: Adblock option 'popup' isn't supported
Adblock warning: Rule ||myfreecams.com/?co_id=$image,~image,popup will be ignored
Adblock warning: Adblock option 'popup' isn't supported
Adblock warning: Rule ||pornme.com^*.php?ref=$image,~image,popup,third-party will be ignored
Adblock warning: Adblock option 'popup' isn't supported
Adblock warning: Rule ||pornoh.info^$image,~image,popup will be ignored
Adblock warning: Adblock option 'popup' isn't supported
Adblock warning: Rule ||redtube.com/bid/$image,~image,popup will be ignored
Adblock warning: Adblock option 'popup' isn't supported
Adblock warning: Rule ||seekbang.com/cs/rotator/$image,~image,popup will be ignored
Adblock warning: Adblock option 'popup' isn't supported
Adblock warning: Rule ||seeme.com^*?aid=*&art=$image,~image,popup will be ignored
Adblock warning: Adblock option 'popup' isn't supported
Adblock warning: Rule ||sex.com/?utm_source=$image,~image,popup will be ignored
Adblock warning: Adblock option 'popup' isn't supported
Adblock warning: Rule ||sexier.com/services/adsredirect.ashx?$image,~image,popup,third-party will be ignored
Adblock warning: Adblock option 'popup' isn't supported
Adblock warning: Rule ||sexier.com^*_popunder&$image,~image,popup will be ignored
Adblock warning: Adblock option 'popup' isn't supported
Adblock warning: Rule ||sexsearchcom.com^$image,~image,popup,third-party will be ignored
Adblock warning: Adblock option 'popup' isn't supported
Adblock warning: Rule ||streamate.com/landing/$image,~image,popup will be ignored
Adblock warning: Adblock option 'popup' isn't supported
Adblock warning: Rule ||textad.sexsearch.com^$image,~image,popup will be ignored
Adblock warning: Adblock option 'popup' isn't supported
Adblock warning: Rule ||topbucks.com/popunder/$image,~image,popup will be ignored
Adblock warning: Adblock option 'popup' isn't supported
Adblock warning: Rule ||track.xtrasize.nl^$image,~image,popup,third-party will be ignored
Adblock warning: Adblock option 'popup' isn't supported
Adblock warning: Rule ||twistys.com/track/$image,~image,popup,third-party will be ignored
Adblock warning: Adblock option 'popup' isn't supported
Adblock warning: Rule ||videobox.com/?tid=$image,~image,popup will be ignored
Adblock warning: Adblock option 'popup' isn't supported
Adblock warning: Rule ||videobox.com/tour/$image,~image,popup will be ignored
Adblock warning: Adblock option 'popup' isn't supported
Adblock warning: Rule ||videosz.com^*&tracker_id=$image,~image,popup,third-party will be ignored
Adblock warning: Adblock option 'popup' isn't supported
Adblock warning: Rule ||visit-x.net/cams/*.html?*&s=*&ws=$image,~image,popup,third-party will be ignored
Adblock warning: Adblock option 'popup' isn't supported
Adblock warning: Rule ||wantlive.com/landing/$image,~image,popup will be ignored
Adblock warning: Adblock option 'popup' isn't supported
Adblock warning: Rule ||webcams.com^$image,~image,popup,third-party will be ignored
Adblock warning: Adblock option 'popup' isn't supported
Adblock warning: Rule ||yourvoyeurvideos.com^$image,~image,popup,third-party will be ignored
Adblock warning: Adblock option 'popup' isn't supported
Adblock warning: Rule ||yuvutu.com^$image,~image,popup,third-party will be ignored
Adblock warning: Adblock option 'xmlhttprequest' isn't supported
Adblock warning: Rule ||4sysops.com/global/get.php?unit=main$xmlhttprequest will be ignored
Adblock warning: Adblock option 'object-subrequest' isn't supported
Adblock warning: Rule ||abc.com/abcvideo/*/mp4/*_Promo_$object-subrequest,domain=abc.go.com will be ignored
Adblock warning: Adblock option 'object-subrequest' isn't supported
Adblock warning: Rule ||adultswim.com^*/admanager.swf?$object-subrequest will be ignored
Adblock warning: Adblock option 'object-subrequest' isn't supported
Adblock warning: Rule ||ballislife.com^*/ova-player.swf$object-subrequest will be ignored
Adblock warning: Adblock option 'object-subrequest' isn't supported
Adblock warning: Rule ||cbs.com/thunder/ad.doubleclick.net/adx/request.php?$object-subrequest will be ignored
Adblock warning: Adblock option 'object-subrequest' isn't supported
Adblock warning: Rule ||delvenetworks.com^*/acudeo.swf$object-subrequest,~third-party will be ignored
Adblock warning: Adblock option 'object-subrequest' isn't supported
Adblock warning: Rule ||flv.sales.cbs.com^$object-subrequest,domain=cbs.com|cbsnews.com will be ignored
Adblock warning: Adblock option 'object-subrequest' isn't supported
Adblock warning: Rule ||ibtimes.com^*/ova-jw.swf$object-subrequest will be ignored
Adblock warning: Adblock option 'object-subrequest' isn't supported
Adblock warning: Rule ||ibtimes.com^*/ova.swf$object-subrequest will be ignored
Adblock warning: Adblock option 'xmlhttprequest' isn't supported
Adblock warning: Rule ||lshunter.tv^*&task=getbets$xmlhttprequest will be ignored
Adblock warning: Adblock option 'object-subrequest' isn't supported
Adblock warning: Rule ||objects.tremormedia.com/embed/swf/acudeo.swf$object-subrequest,domain=deluxemusic.tv.staging.ipercast.net will be ignored
Adblock warning: Adblock option 'object-subrequest' isn't supported
Adblock warning: Rule ||ovfile.com/player/jwadplugin.swf$object-subrequest will be ignored
Adblock warning: Adblock option 'object-subrequest' isn't supported
Adblock warning: Rule ||phobos.apple.com^$object-subrequest,domain=dailymotion.com will be ignored
Adblock warning: Adblock option 'object-subrequest' isn't supported
Adblock warning: Rule ||static.ec.own3d.tv/lr/$object-subrequest will be ignored
Adblock warning: Adblock option 'xmlhttprequest' isn't supported
Adblock warning: Rule ||tomshardware.com/indexAjax.php?ctrl=ajax_pricegrabber$xmlhttprequest will be ignored
Adblock warning: Adblock option 'object-subrequest' isn't supported
Adblock warning: Rule ||video-cdn.abcnews.com/ad_$object-subrequest will be ignored
Adblock warning: Adblock option 'object-subrequest' isn't supported
Adblock warning: Rule ||video-cdn.abcnews.com^*_ad_$object-subrequest,domain=go.com will be ignored
Adblock warning: Adblock option 'object-subrequest' isn't supported
Adblock warning: Rule ||videodorm.org/player/yume-h.swf$object-subrequest will be ignored
Adblock warning: Adblock option 'object-subrequest' isn't supported
Adblock warning: Rule ||weatherbug.com^*/ova-jw.swf$object-subrequest will be ignored
Adblock warning: Adblock option 'object-subrequest' isn't supported
Adblock warning: Rule ||indieclicktv.com/player/swf/*/icmmva%5eplugin.swf$object-subrequest will be ignored
Adblock warning: Adblock option 'popup' isn't supported
Adblock warning: Rule /sendspace-pop.$image,~image,popup,domain=sendspace.com will be ignored
Adblock warning: Adblock option 'popup' isn't supported
Adblock warning: Rule ^utm_source=$image,~image,popup,domain=thepiratebay.org|thepiratebay.se will be ignored
Adblock warning: Adblock option 'popup' isn't supported
Adblock warning: Rule |http:$image,~image,popup,third-party,domain=extreme-board.com|filepost.com|load.to|mofunzone.com|xtshare.com will be ignored
Adblock warning: Adblock option 'popup' isn't supported
Adblock warning: Rule ||4fuckr.com/api.php$image,~image,popup will be ignored
Adblock warning: Adblock option 'popup' isn't supported
Adblock warning: Rule ||adf.ly^$image,~image,popup,domain=uploadcore.com|urgrove.com will be ignored
Adblock warning: Adblock option 'popup' isn't supported
Adblock warning: Rule ||adfoc.us^$image,~image,popup,domain=urgrove.com will be ignored
Adblock warning: Adblock option 'popup' isn't supported
Adblock warning: Rule ||advstat.letitbit.net^$image,~image,popup will be ignored
Adblock warning: Adblock option 'popup' isn't supported
Adblock warning: Rule ||aiosearch.com^$image,~image,popup,domain=torrent-finder.info will be ignored
Adblock warning: Adblock option 'popup' isn't supported
Adblock warning: Rule ||flashx.tv/ads/$image,~image,popup will be ignored
Adblock warning: Adblock option 'popup' isn't supported
Adblock warning: Rule ||free-filehost.net/pop/$image,~image,popup will be ignored
Adblock warning: Adblock option 'popup' isn't supported
Adblock warning: Rule ||google.com.eg/url?$image,~image,popup,domain=hulkload.com will be ignored
Adblock warning: Adblock option 'popup' isn't supported
Adblock warning: Rule ||gratuit.niloo.fr^$image,~image,popup,domain=simophone.com will be ignored
Adblock warning: Adblock option 'popup' isn't supported
Adblock warning: Rule ||ifly.com/trip-plan/ifly-trip?*&ad=$image,~image,popup will be ignored
Adblock warning: Adblock option 'popup' isn't supported
Adblock warning: Rule ||imageshack.us/ads/$image,~image,popup will be ignored
Adblock warning: Adblock option 'popup' isn't supported
Adblock warning: Rule ||imageshack.us/newuploader_ad.php$image,~image,popup will be ignored
Adblock warning: Adblock option 'popup' isn't supported
Adblock warning: Rule ||jokertraffic.com^$image,~image,popup,domain=4fuckr.com will be ignored
Adblock warning: Adblock option 'popup' isn't supported
Adblock warning: Rule ||leaderdownload.com^$image,~image,popup,domain=fiberupload.net will be ignored
Adblock warning: Adblock option 'popup' isn't supported
Adblock warning: Rule ||limbohost.net^$image,~image,popup,domain=tusfiles.net will be ignored
Adblock warning: Adblock option 'popup' isn't supported
Adblock warning: Rule ||linkbucks.com^$image,~image,popup,domain=allanalpass.com|any.gs|dyo.gs|hnmovies.com|linkbucks.com|qqc.co|tinylinks.co|ultrafiles.net|uploadcore.com|youfap.me|yyv.co|zff.co will be ignored
Adblock warning: Adblock option 'popup' isn't supported
Adblock warning: Rule ||military.com/data/popup/new_education_popunder.htm$image,~image,popup will be ignored
Adblock warning: Adblock option 'popup' isn't supported
Adblock warning: Rule ||multiupload.nl/popunder/$image,~image,popup will be ignored
Adblock warning: Adblock option 'popup' isn't supported
Adblock warning: Rule ||nesk.co^$image,~image,popup,domain=veehd.com will be ignored
Adblock warning: Adblock option 'popup' isn't supported
Adblock warning: Rule ||picvi.com/news_picvi.html$image,~image,popup will be ignored
Adblock warning: Adblock option 'popup' isn't supported
Adblock warning: Rule ||schenkelklopfer.org^$image,~image,popup,domain=4fuckr.com will be ignored
Adblock warning: Adblock option 'popup' isn't supported
Adblock warning: Rule ||single-vergleich.de^$image,~image,popup,domain=netload.in will be ignored
Adblock warning: Adblock option 'popup' isn't supported
Adblock warning: Rule ||songspk.pk/pops.html$image,~image,popup will be ignored
Adblock warning: Adblock option 'popup' isn't supported
Adblock warning: Rule ||streamcloud.eu/deliver.php$image,~image,popup will be ignored
Adblock warning: Adblock option 'popup' isn't supported
Adblock warning: Rule ||subs4free.com/_pop_link.php$image,~image,popup will be ignored
Adblock warning: Adblock option 'popup' isn't supported
Adblock warning: Rule ||titanshare.to/download-extern.php?type=*&n=$image,~image,popup will be ignored
Adblock warning: Adblock option 'popup' isn't supported
Adblock warning: Rule ||tripadvisor.*/rulebasedpopunder?$image,~image,popup will be ignored
Adblock warning: Adblock option 'popup' isn't supported
Adblock warning: Rule ||virtualtourist.com/commerce/popunder/$image,~image,popup will be ignored
Adblock warning: Adblock option 'popup' isn't supported
Adblock warning: Rule ||watch-movies.net.in/popup.php$image,~image,popup will be ignored
Adblock warning: Adblock option 'popup' isn't supported
Adblock warning: Rule ||wegrin.com^$image,~image,popup,domain=watchfreemovies.ch will be ignored
Adblock warning: Adblock option 'popup' isn't supported
Adblock warning: Rule ||ziddu.com/onclickpop.php$image,~image,popup will be ignored
Adblock warning: Adblock option 'popup' isn't supported
Adblock warning: Rule ||zmovie.tv^$image,~image,popup,domain=deditv.com|vidbox.net|vidreel.com will be ignored
Adblock warning: Adblock option 'popup' isn't supported
Adblock warning: Rule ||zshare.net/ads/$image,~image,popup will be ignored
Adblock warning: Adblock option 'popup' isn't supported
Adblock warning: Rule ^utm_medium=popunder^$image,~image,popup,domain=ratedporntube.com|sextuberate.com will be ignored
Adblock warning: Adblock option 'popup' isn't supported
Adblock warning: Rule ||ad.userporn.com^$image,~image,popup will be ignored
Adblock warning: Adblock option 'popup' isn't supported
Adblock warning: Rule ||eporner.com/pop.php$image,~image,popup will be ignored
Adblock warning: Adblock option 'popup' isn't supported
Adblock warning: Rule ||fantasti.cc^*?ad=$image,~image,popup will be ignored
Adblock warning: Adblock option 'popup' isn't supported
Adblock warning: Rule ||h2porn.com/pu.php$image,~image,popup will be ignored
Adblock warning: Adblock option 'popup' isn't supported
Adblock warning: Rule ||hegansex.com/exo.php$image,~image,popup will be ignored
Adblock warning: Adblock option 'popup' isn't supported
Adblock warning: Rule ||heganteens.com/exo.php$image,~image,popup will be ignored
Adblock warning: Adblock option 'popup' isn't supported
Adblock warning: Rule ||imagebam.com/redirect_awe.php$image,~image,popup will be ignored
Adblock warning: Adblock option 'popup' isn't supported
Adblock warning: Rule ||movies.askjolene.com/c64?clickid=$image,~image,popup will be ignored
Adblock warning: Adblock option 'popup' isn't supported
Adblock warning: Rule ||pinporn.com/popunder/$image,~image,popup will be ignored
Adblock warning: Adblock option 'popup' isn't supported
Adblock warning: Rule ||pop.mrstiff.com^$image,~image,popup will be ignored
Adblock warning: Adblock option 'popup' isn't supported
Adblock warning: Rule ||porn101.com^$image,~image,popup,domain=lexsteele.com will be ignored
Adblock warning: Adblock option 'popup' isn't supported
Adblock warning: Rule ||pornuppz.info/out.php$image,~image,popup will be ignored
Adblock warning: Adblock option 'popup' isn't supported
Adblock warning: Rule ||site-rips.org^$image,~image,popup,domain=backupload.net will be ignored
Adblock warning: Adblock option 'popup' isn't supported
Adblock warning: Rule ||xxxbunker.com/popunder.php?$image,~image,popup will be ignored
Adblock warning: Adblock option 'popup' isn't supported
Adblock warning: Rule ||ymages.org/prepop.php$image,~image,popup will be ignored

==> DEBUG [FILE]       : /home/josh/.config/dwb/userscripts/extension_loader.js
==> DEBUG [ERROR]      : Error in line 8: Can't find variable: as
==> DEBUG [STACK]      : [anonymous] [[native code]]
==> DEBUG [SOURCE]
    ...
     7 > // Shortcut to subscribe to a filterlist
-->  8 > scSubscribe : as, 
     9 > // Command to subscribe to a filterlist
    ...

No bp log location saved, using default.
[000:000] Browser XEmbed support present: 1
[000:001] Browser toolkit is Gtk2.
[000:002] Using Gtk2 toolkit
No bp log location saved, using default.
[000:026] No bp log location saved, using default.
[000:026] Browser XEmbed support present: 1
[000:026] Browser toolkit is Gtk2.
[000:026] Using Gtk2 toolkit
[000:000] No bp log location saved, using default.

** (dwb:376): CRITICAL **: WebKitDOMHTMLHeadElement* WebKit::kit(WebCore::HTMLHeadElement*): assertion `obj' failed

** (dwb:376): CRITICAL **: adblock_apply_element_hider: assertion `G_IS_OBJECT(head)' failed

(dwb:376): GLib-GObject-WARNING **: invalid uninstantiatable type `(null)' in cast to `GtkLabel'

(dwb:376): Gtk-CRITICAL **: IA__gtk_label_set_markup: assertion `GTK_IS_LABEL (label)' failed

** (dwb:376): CRITICAL **: WebKitDOMHTMLHeadElement* WebKit::kit(WebCore::HTMLHeadElement*): assertion `obj' failed

** (dwb:376): CRITICAL **: adblock_apply_element_hider: assertion `G_IS_OBJECT(head)' failed
No bp log location saved, using default.
[000:000] Browser XEmbed support present: 1
[000:000] Browser toolkit is Gtk2.
[000:000] Using Gtk2 toolkit
No bp log location saved, using default.
[000:002] No bp log location saved, using default.
[000:002] Browser XEmbed support present: 1
[000:002] Browser toolkit is Gtk2.
[000:002] Using Gtk2 toolkit
[000:000] No bp log location saved, using default.
[009:367] Starting client channel.
[009:367] Warning(clientchannel.cc:436): Unreadable or no port file.  Could not initiate GoogleTalkPlugin connection
[009:368] Warning(clientchannel.cc:411): Could not initiate GoogleTalkPlugin connection
[009:368] GoogleTalkPlugin not running. Starting new process...
[009:368] Warning(pluginutils.cc:251): Failed to get GoogleTalkPlugin path. Trying default.
[009:389] Started GoogleTalkPlugin, path=/opt/google/talkplugin/GoogleTalkPlugin
[009:390] Waiting for GoogleTalkPlugin to start...
sh: lsb_release: command not found
[010:929] Attempting to connect to GoogleTalkPlugin...
[010:938] Warning(clientchannel.cc:436): Unreadable or no port file.  Could not initiate GoogleTalkPlugin connection
[010:939] Warning(clientchannel.cc:411): Could not initiate GoogleTalkPlugin connection
[010:939] Waiting for GoogleTalkPlugin to start...
[012:032] Attempting to connect to GoogleTalkPlugin...
[012:033] Read port file, port=47200
[012:033] Initiated connection to GoogleTalkPlugin
[012:172] Socket connection established
[012:172] ScheduleOnlineCheck: Online check in 5000ms
[012:310] Got cookie response, socket is authorized
[012:310] AUTHORIZED; socket handshake complete
[012:313] F->C: ["fs",{"pr":"a"}]
[012:520] F->C: ["mf","mf3.17","3.17.0.0",2,{"audioCodecs":[[103,"ISAC",1,0,16000],[104,"ISAC",1,0,32000],[9,"G722",1,64000,16000],[102,"ILBC",1,13300,8000],[0,"PCMU",1,64000,8000],[8,"PCMA",1,64000,8000],[107,"CN",1,0,48000],[106,"CN",1,0,32000],[105,"CN",1,0,16000],[13,"CN",1,0,8000],[127,"red",1,0,8000],[126,"telephone-event",1,0,8000]],"audioRtpHdrExts":[{"id":1,"uri":"urn:ietf:params:rtp-hdrext:ssrc-audio-level"}],"camDeviceName":"Video WebCam","caps":15,"cpuArchitecture":0,"cpuCacheSize":1048576,"cpuFamily":6,"cpuFlags":["sse2","ssse3"],"cpuHasSSE2":true,"cpuModel":23,"cpuSpeed":2200,"cpuStepping":10,"cpuVendor":"GenuineIntel","cpus":2,"cpusPhysical":2,"cryptoSuites":["AES_CM_128_HMAC_SHA1_80","AES_CM_128_HMAC_SHA1_32"],"dataChannelVersion":1,"effectsVersion":9,"gpuDescription":"","gpuDeviceId":0,"gpuDeviceName":"","gpuDriver":"","gpuDriverVersion":"","gpuVendorId":0,"machineModel":"Not available","remotingAssistanceAllowed":0,"remotingVersion":1,"renderer":2,"rtcpMux":true,"screencast":2,"screencastLocalPreview":1,"supportsConcurrentSessions":true,"transports":["i","gice"],"videoCodecs":[[99,"H264-SVC",640,360,30],[97,"H264",640,360,30],[98,"H263",640,360,30]],"videoRtpHdrExts":[{"id":2,"uri":"urn:ietf:params:rtp-hdrext:toffset"}]}]
[012:623] F->C: ["getdevicestate","15","1",["__default_device","HDA Intel, CONEXANT Analog - Default Audio Device","HDA Intel, CONEXANT Analog - Default Audio Device","HDA Intel, CONEXANT Analog - Front speakers","HDA Intel, CONEXANT Analog - 4.0 Surround output to Front and Rear speakers","HDA Intel, CONEXANT Analog - 4.1 Surround output to Front, Rear and Subwoofer speakers","HDA Intel, CONEXANT Analog - 5.0 Surround output to Front, Center and Rear speakers","HDA Intel, CONEXANT Analog - 5.1 Surround output to Front, Center, Rear and Subwoofer speakers","HDA Intel, CONEXANT Analog - 7.1 Surround output to Front, Center, Side, Rear and Woofer speakers"],"0",["__default_device","HDA Intel, CONEXANT Analog - Default Audio Device","HDA Intel, CONEXANT Analog - Default Audio Device","HDA Intel, CONEXANT Analog - Front speakers","HDA Intel, CONEXANT Analog - 4.0 Surround output to Front and Rear speakers","HDA Intel, CONEXANT Analog - 4.1 Surround output to Front, Rear and Subwoofer speakers","HDA Intel, CONEXANT Analog - 5.0 Surround output to Front, Center and Rear speakers","HDA Intel, CONEXANT Analog - 5.1 Surround output to Front, Center, Rear and Subwoofer speakers","HDA Intel, CONEXANT Analog - 7.1 Surround output to Front, Center, Side, Rear and Woofer speakers","HDA Intel, Conexant Digital - IEC958 (S/PDIF) Digital Audio Output","HDA Intel, HDMI 0 - HDMI Audio Output"],"0",["Video WebCam"]]
[017:216] HandleOnlineCheck: Starting check
[017:216] HandleOnlineCheck: OK; current state: 3
Failed to open VDPAU backend libvdpau_nvidia.so: cannot open shared object file: No such file or directory
